This is XeTeX, Version 3.1415926-2.3-0.9997.5 (MiKTeX 2.9) (preloaded format=xelatex 2014.6.12)  10 SEP 2014 21:43
entering extended mode
**cv.tex
(D:\Dropbox\LaTex\Resume\cn\cv.tex
LaTeX2e <2011/06/27>
Babel <v3.8m> and hyphenation patterns for loaded.
(D:\Dropbox\LaTex\Resume\cn\moderncv.cls
Document Class: moderncv 2008/06/17 v0.7 modern curriculum vitae document class

(d:\CTEX\MiKTeX\tex\latex\base\size11.clo
File: size11.clo 2007/10/19 v1.4h Standard LaTeX file (size option)
Requested font "cmr10" at 10.95pt
 -> cmr10
)
(d:\CTEX\MiKTeX\tex\latex\base\ifthen.sty
Package: ifthen 2001/05/26 v1.1c Standard LaTeX ifthen package (DPC)
)
(d:\CTEX\MiKTeX\tex\generic\oberdiek\ifpdf.sty
Package: ifpdf 2011/01/30 v2.3 Provides the ifpdf switch (HO)
Package ifpdf Info: pdfTeX in PDF mode is not detected.
)
(d:\CTEX\MiKTeX\tex\generic\ifxetex\ifxetex.sty
Package: ifxetex 2010/09/12 v0.6 Provides ifxetex conditional
)
(d:\CTEX\MiKTeX\tex\latex\graphics\color.sty
Package: color 2005/11/14 v1.0j Standard LaTeX Color (DPC)

(d:\CTEX\MiKTeX\tex\latex\00miktex\color.cfg
File: color.cfg 2007/01/18 v1.5 color configuration of teTeX/TeXLive
)
Package color Info: Driver file: dvips.def on input line 130.

(d:\CTEX\MiKTeX\tex\latex\graphics\dvips.def
File: dvips.def 1999/02/16 v3.0i Driver-dependant file (DPC,SPQR)
)
(d:\CTEX\MiKTeX\tex\latex\graphics\dvipsnam.def
File: dvipsnam.def 1999/02/16 v3.0i Driver-dependant file (DPC,SPQR)
))
(d:\CTEX\MiKTeX\tex\latex\base\fontenc.sty
Package: fontenc 2005/09/27 v1.99g Standard LaTeX package

(d:\CTEX\MiKTeX\tex\latex\base\t1enc.def
File: t1enc.def 2005/09/27 v1.99g Standard LaTeX file
LaTeX Font Info:    Redeclaring font encoding T1 on input line 43.
)
Requested font "ecrm1095" at 10.95pt
 -> ecrm1095
)
(d:\CTEX\MiKTeX\tex\latex\marvosym\marvosym.sty
Package: marvosym 2011/07/20 v2.2 Martin Vogel's Symbols font definitions
)
(d:\CTEX\MiKTeX\tex\xelatex\xetexurl\url.sty
\Urlmuskip=\muskip10
Package: url 2004/03/15  ver 3.1  Verb mode for urls, etc.
)
(d:\CTEX\MiKTeX\tex\latex\hyperref\hyperref.sty
Package: hyperref 2012/02/06 v6.82o Hypertext links for LaTeX

(d:\CTEX\MiKTeX\tex\generic\oberdiek\hobsub-hyperref.sty
Package: hobsub-hyperref 2011/04/23 v1.4 Bundle oberdiek, subset hyperref (HO)

(d:\CTEX\MiKTeX\tex\generic\oberdiek\hobsub-generic.sty
Package: hobsub-generic 2011/04/23 v1.4 Bundle oberdiek, subset generic (HO)
Package: hobsub 2011/04/23 v1.4 Subsetting bundle oberdiek (HO)
Package: infwarerr 2010/04/08 v1.3 Providing info/warning/message (HO)
Package: ltxcmds 2011/04/18 v1.20 LaTeX kernel commands for general use (HO)
Package: ifluatex 2010/03/01 v1.3 Provides the ifluatex switch (HO)
Package ifluatex Info: LuaTeX not detected.
Package: ifvtex 2010/03/01 v1.5 Switches for detecting VTeX and its modes (HO)
Package ifvtex Info: VTeX not detected.
Package: intcalc 2007/09/27 v1.1 Expandable integer calculations (HO)
Package hobsub Info: Skipping package `ifpdf' (already loaded).
Package: etexcmds 2011/02/16 v1.5 Prefix for e-TeX command names (HO)
Package etexcmds Info: Could not find \expanded.
(etexcmds)             That can mean that you are not using pdfTeX 1.50 or
(etexcmds)             that some package has redefined \expanded.
(etexcmds)             In the latter case, load this package earlier.
Package: kvsetkeys 2011/04/07 v1.13 Key value parser (HO)
Package: kvdefinekeys 2011/04/07 v1.3 Defining keys (HO)
Package: pdftexcmds 2011/04/22 v0.16 Utilities of pdfTeX for LuaTeX (HO)
Package pdftexcmds Info: LuaTeX not detected.
Package pdftexcmds Info: pdfTeX >= 1.30 not detected.
Package pdftexcmds Info: \pdf@primitive is available.
Package pdftexcmds Info: \pdf@ifprimitive is available.
Package pdftexcmds Info: \pdfdraftmode not found.
Package: pdfescape 2011/04/04 v1.12 Provides string conversions (HO)
Package: bigintcalc 2011/01/30 v1.2 Expandable big integer calculations (HO)
Package: bitset 2011/01/30 v1.1 Data type bit set (HO)
Package: uniquecounter 2011/01/30 v1.2 Provides unlimited unique counter (HO)
)
Package hobsub Info: Skipping package `hobsub' (already loaded).
Package: letltxmacro 2010/09/02 v1.4 Let assignment for LaTeX macros (HO)
Package: hopatch 2011/01/30 v1.0 Wrapper for package hooks (HO)
Package: xcolor-patch 2011/01/30 xcolor patch
Package: atveryend 2011/04/23 v1.7 Hooks at very end of document (HO)
Package: atbegshi 2011/01/30 v1.15 At begin shipout hook (HO)
Package: refcount 2010/12/01 v3.2 Data extraction from references (HO)
Package: hycolor 2011/01/30 v1.7 Color options of hyperref/bookmark (HO)
)
(d:\CTEX\MiKTeX\tex\latex\graphics\keyval.sty
Package: keyval 1999/03/16 v1.13 key=value parser (DPC)
\KV@toks@=\toks14
)
(d:\CTEX\MiKTeX\tex\latex\oberdiek\kvoptions.sty
Package: kvoptions 2010/12/23 v3.10 Keyval support for LaTeX options (HO)
)
\@linkdim=\dimen102
\Hy@linkcounter=\count80
\Hy@pagecounter=\count81

(d:\CTEX\MiKTeX\tex\latex\hyperref\pd1enc.def
File: pd1enc.def 2012/02/06 v6.82o Hyperref: PDFDocEncoding definition (HO)
)
\Hy@SavedSpaceFactor=\count82

(d:\CTEX\MiKTeX\tex\latex\00miktex\hyperref.cfg
File: hyperref.cfg 2002/06/06 v1.2 hyperref configuration of TeXLive
)
Package hyperref Info: Option `bookmarksnumbered' set `true' on input line 3925
.
Package hyperref Info: Option `bookmarksopen' set `true' on input line 3925.
Package hyperref Info: Option `breaklinks' set `true' on input line 3925.
Package hyperref Info: Option `colorlinks' set `true' on input line 3925.
Package hyperref Info: Hyper figures OFF on input line 4046.
Package hyperref Info: Link nesting OFF on input line 4051.
Package hyperref Info: Hyper index ON on input line 4054.
Package hyperref Info: Plain pages OFF on input line 4061.
Package hyperref Info: Backreferencing OFF on input line 4066.
Package hyperref Info: Implicit mode ON; LaTeX internals redefined.
Package hyperref Info: Bookmarks ON on input line 4284.
\c@Hy@tempcnt=\count83
LaTeX Info: Redefining \url on input line 4637.
\Fld@menulength=\count84
\Field@Width=\dimen103
\Fld@charsize=\dimen104
Package hyperref Info: Hyper figures OFF on input line 5757.
Package hyperref Info: Link nesting OFF on input line 5762.
Package hyperref Info: Hyper index ON on input line 5765.
Package hyperref Info: backreferencing OFF on input line 5772.
Package hyperref Info: Link coloring ON on input line 5775.
Package hyperref Info: Link coloring with OCG OFF on input line 5782.
Package hyperref Info: PDF/A mode OFF on input line 5787.
LaTeX Info: Redefining \ref on input line 5827.
LaTeX Info: Redefining \pageref on input line 5831.


Package hyperref Warning: Option `pdfpagelabels' is turned off
(hyperref)                because \thepage is undefined.

\c@Item=\count85
\c@Hfootnote=\count86
)

Package hyperref Message: Driver: hxetex.

(d:\CTEX\MiKTeX\tex\latex\hyperref\hxetex.def
File: hxetex.def 2012/02/06 v6.82o Hyperref driver for XeTeX

(d:\CTEX\MiKTeX\tex\latex\hyperref\puenc.def
File: puenc.def 2012/02/06 v6.82o Hyperref: PDF Unicode definition (HO)
)
(d:\CTEX\MiKTeX\tex\generic\oberdiek\stringenc.sty
Package: stringenc 2010/03/01 v1.8 Converts strings between encodings (HO)
)
\pdfm@box=\box26
\c@Hy@AnnotLevel=\count87
\HyField@AnnotCount=\count88
\Fld@listcount=\count89
\c@bookmark@seq@number=\count90

(d:\CTEX\MiKTeX\tex\latex\oberdiek\rerunfilecheck.sty
Package: rerunfilecheck 2011/04/15 v1.7 Rerun checks for auxiliary files (HO)
Package rerunfilecheck Info: Feature \pdfmdfivesum is not available
(rerunfilecheck)             (e.g. pdfTeX or LuaTeX with package `pdftexcmds').

(rerunfilecheck)             Therefore file contents cannot be checked efficien
tly
(rerunfilecheck)             and the loading of the package is aborted.
)
\Hy@SectionHShift=\skip41
)
Package hyperref Info: Option `breaklinks' set `true' on input line 139.

(d:\CTEX\MiKTeX\tex\generic\oberdiek\se-ascii-print.def
File: se-ascii-print.def 2010/03/01 v1.8 stringenc: Printable ASCII characters
)
(d:\CTEX\MiKTeX\tex\latex\graphics\graphicx.sty
Package: graphicx 1999/02/16 v1.0f Enhanced LaTeX Graphics (DPC,SPQR)

(d:\CTEX\MiKTeX\tex\latex\graphics\graphics.sty
Package: graphics 2009/02/05 v1.0o Standard LaTeX Graphics (DPC,SPQR)

(d:\CTEX\MiKTeX\tex\latex\graphics\trig.sty
Package: trig 1999/03/16 v1.09 sin cos tan (DPC)
)
(d:\CTEX\MiKTeX\tex\latex\00miktex\graphics.cfg
File: graphics.cfg 2007/01/18 v1.5 graphics configuration of teTeX/TeXLive
)
Package graphics Info: Driver file: dvips.def on input line 91.
)
\Gin@req@height=\dimen105
\Gin@req@width=\dimen106
)
(d:\CTEX\MiKTeX\tex\latex\fancyhdr\fancyhdr.sty
\fancy@headwidth=\skip42
\f@ncyO@elh=\skip43
\f@ncyO@erh=\skip44
\f@ncyO@olh=\skip45
\f@ncyO@orh=\skip46
\f@ncyO@elf=\skip47
\f@ncyO@erf=\skip48
\f@ncyO@olf=\skip49
\f@ncyO@orf=\skip50
)
(D:\Dropbox\LaTex\Resume\cn\moderncvcompatibility.sty
Package: moderncvcompatibility 2008/06/17 v0.7 modern curriculum vitae compatib
ility patches
)
\quotewidth=\skip51
\hintscolumnwidth=\skip52
\separatorcolumnwidth=\skip53
\maincolumnwidth=\skip54
\doubleitemmaincolumnwidth=\skip55
\listitemsymbolwidth=\skip56
LaTeX Font Info:    Try loading font information for OMS+cmr on input line 264.


(d:\CTEX\MiKTeX\tex\latex\base\omscmr.fd
File: omscmr.fd 1999/05/25 v2.5h Standard LaTeX font definitions
)
LaTeX Font Info:    Font shape `OMS/cmr/m/n' in size <10.95> not available
(Font)              Font shape `OMS/cmsy/m/n' tried instead on input line 264.
Requested font "cmsy10" at 10.95pt
 -> cmsy10
\listitemmaincolumnwidth=\skip57
\listdoubleitemmaincolumnwidth=\skip58
\bibindent=\skip59
)
(d:\CTEX\MiKTeX\tex\latex\lm\lmodern.sty
Package: lmodern 2009/10/30 v1.6 Latin Modern Fonts
LaTeX Font Info:    Overwriting symbol font `operators' in version `normal'
(Font)                  OT1/cmr/m/n --> OT1/lmr/m/n on input line 22.
LaTeX Font Info:    Overwriting symbol font `letters' in version `normal'
(Font)                  OML/cmm/m/it --> OML/lmm/m/it on input line 23.
LaTeX Font Info:    Overwriting symbol font `symbols' in version `normal'
(Font)                  OMS/cmsy/m/n --> OMS/lmsy/m/n on input line 24.
LaTeX Font Info:    Overwriting symbol font `largesymbols' in version `normal'
(Font)                  OMX/cmex/m/n --> OMX/lmex/m/n on input line 25.
LaTeX Font Info:    Overwriting symbol font `operators' in version `bold'
(Font)                  OT1/cmr/bx/n --> OT1/lmr/bx/n on input line 26.
LaTeX Font Info:    Overwriting symbol font `letters' in version `bold'
(Font)                  OML/cmm/b/it --> OML/lmm/b/it on input line 27.
LaTeX Font Info:    Overwriting symbol font `symbols' in version `bold'
(Font)                  OMS/cmsy/b/n --> OMS/lmsy/b/n on input line 28.
LaTeX Font Info:    Overwriting symbol font `largesymbols' in version `bold'
(Font)                  OMX/cmex/m/n --> OMX/lmex/m/n on input line 29.
LaTeX Font Info:    Overwriting math alphabet `\mathbf' in version `normal'
(Font)                  OT1/cmr/bx/n --> OT1/lmr/bx/n on input line 31.
LaTeX Font Info:    Overwriting math alphabet `\mathsf' in version `normal'
(Font)                  OT1/cmss/m/n --> OT1/lmss/m/n on input line 32.
LaTeX Font Info:    Overwriting math alphabet `\mathit' in version `normal'
(Font)                  OT1/cmr/m/it --> OT1/lmr/m/it on input line 33.
LaTeX Font Info:    Overwriting math alphabet `\mathtt' in version `normal'
(Font)                  OT1/cmtt/m/n --> OT1/lmtt/m/n on input line 34.
LaTeX Font Info:    Overwriting math alphabet `\mathbf' in version `bold'
(Font)                  OT1/cmr/bx/n --> OT1/lmr/bx/n on input line 35.
LaTeX Font Info:    Overwriting math alphabet `\mathsf' in version `bold'
(Font)                  OT1/cmss/bx/n --> OT1/lmss/bx/n on input line 36.
LaTeX Font Info:    Overwriting math alphabet `\mathit' in version `bold'
(Font)                  OT1/cmr/bx/it --> OT1/lmr/bx/it on input line 37.
LaTeX Font Info:    Overwriting math alphabet `\mathtt' in version `bold'
(Font)                  OT1/cmtt/m/n --> OT1/lmtt/m/n on input line 38.
)
(d:\CTEX\MiKTeX\tex\latex\fontspec\fontspec.sty
Package: fontspec 2011/09/18 v2.2a Advanced font selection for XeLaTeX/LuaLaTeX


(d:\CTEX\MiKTeX\tex\latex\l3kernel\expl3.sty
(d:\CTEX\MiKTeX\tex\latex\l3kernel\l3names.sty
(d:\CTEX\MiKTeX\tex\latex\l3kernel\l3bootstrap.sty
Package: l3bootstrap 2011/12/29 v3110 L3 Experimental bootstrap code
)
Package: l3names 2011/12/30 v3113 L3 Experimental namespace for primitives
)
(d:\CTEX\MiKTeX\tex\latex\misc\etex.sty
Package: etex 1998/03/26 v2.0 eTeX basic definition package (PEB)
\et@xins=\count91
)
Package: expl3 2012/02/26 v3471 L3 Experimental code bundle wrapper

(d:\CTEX\MiKTeX\tex\latex\l3kernel\l3basics.sty
Package: l3basics 2012/02/26 v3460 L3 Experimental basic definitions
)
(d:\CTEX\MiKTeX\tex\latex\l3kernel\l3expan.sty
Package: l3expan 2012/02/26 v3460 L3 Experimental argument expansion
)
(d:\CTEX\MiKTeX\tex\latex\l3kernel\l3tl.sty
Package: l3tl 2012/02/26 v3460 L3 Experimental token lists
)
(d:\CTEX\MiKTeX\tex\latex\l3kernel\l3seq.sty
Package: l3seq 2012/01/09 v3158 L3 Experimental sequences and stacks
)
(d:\CTEX\MiKTeX\tex\latex\l3kernel\l3int.sty
Package: l3int 2012/02/26 v3460 L3 Experimental integers
\c_max_int=\count92
\l_tmpa_int=\count93
\l_tmpb_int=\count94
\l_tmpc_int=\count95
\g_tmpa_int=\count96
\g_tmpb_int=\count97
)
(d:\CTEX\MiKTeX\tex\latex\l3kernel\l3quark.sty
Package: l3quark 2012/02/12 v3384 L3 Experimental quarks
)
(d:\CTEX\MiKTeX\tex\latex\l3kernel\l3prg.sty
Package: l3prg 2012/02/26 v3464 L3 Experimental control structures
\g_prg_map_int=\count98
)
(d:\CTEX\MiKTeX\tex\latex\l3kernel\l3clist.sty
Package: l3clist 2012/02/26 v3460 L3 Experimental comma separated lists
)
(d:\CTEX\MiKTeX\tex\latex\l3kernel\l3token.sty
Package: l3token 2012/02/26 v3460 L3 Experimental token manipulation
)
(d:\CTEX\MiKTeX\tex\latex\l3kernel\l3prop.sty
Package: l3prop 2012/02/26 v3460 L3 Experimental property lists
)
(d:\CTEX\MiKTeX\tex\latex\l3kernel\l3msg.sty
Package: l3msg 2012/02/26 v3470 L3 Experimental messages
)
(d:\CTEX\MiKTeX\tex\latex\l3kernel\l3file.sty
Package: l3file 2012/02/26 v3464 L3 Experimental file and I/O operations
\l_iow_stream_int=\count99
\l_iow_line_length_int=\count100
\l_iow_target_length_int=\count101
\l_iow_current_line_int=\count102
\l_iow_current_word_int=\count103
\l_iow_current_indentation_int=\count104
)
(d:\CTEX\MiKTeX\tex\latex\l3kernel\l3skip.sty
Package: l3skip 2012/02/26 v3460 L3 Experimental dimensions and skips
\l_tmpa_dim=\dimen107
\l_tmpb_dim=\dimen108
\l_tmpc_dim=\dimen109
\g_tmpa_dim=\dimen110
\g_tmpb_dim=\dimen111
\l_tmpa_skip=\skip60
\l_tmpb_skip=\skip61
\l_tmpc_skip=\skip62
\g_tmpa_skip=\skip63
\g_tmpb_skip=\skip64
)
(d:\CTEX\MiKTeX\tex\latex\l3kernel\l3keys.sty
Package: l3keys 2011/12/22 v3086 L3 Experimental key-value interfaces
\g_keyval_level_int=\count105
\l_keys_choice_int=\count106
)
(d:\CTEX\MiKTeX\tex\latex\l3kernel\l3fp.sty
Package: l3fp 2012/02/06 v3315 L3 Experimental floating-point operations
\c_one_hundred_million=\count107
\c_five_hundred_million=\count108
\c_one_thousand_million=\count109
\c_fp_pi_by_four_decimal_int=\count110
\c_fp_pi_by_four_extended_int=\count111
\c_fp_pi_decimal_int=\count112
\c_fp_pi_extended_int=\count113
\c_fp_two_pi_decimal_int=\count114
\c_fp_two_pi_extended_int=\count115
\l_fp_count_int=\count116
\l_fp_div_offset_int=\count117
\l_fp_exp_integer_int=\count118
\l_fp_exp_decimal_int=\count119
\l_fp_exp_extended_int=\count120
\l_fp_exp_exponent_int=\count121
\l_fp_input_a_sign_int=\count122
\l_fp_input_a_integer_int=\count123
\l_fp_input_a_decimal_int=\count124
\l_fp_input_a_exponent_int=\count125
\l_fp_input_b_sign_int=\count126
\l_fp_input_b_integer_int=\count127
\l_fp_input_b_decimal_int=\count128
\l_fp_input_b_exponent_int=\count129
\l_fp_input_a_extended_int=\count130
\l_fp_input_b_extended_int=\count131
\l_fp_mul_a_i_int=\count132
\l_fp_mul_a_ii_int=\count133
\l_fp_mul_a_iii_int=\count134
\l_fp_mul_a_iv_int=\count135
\l_fp_mul_a_v_int=\count136
\l_fp_mul_a_vi_int=\count137
\l_fp_mul_b_i_int=\count138
\l_fp_mul_b_ii_int=\count139
\l_fp_mul_b_iii_int=\count140
\l_fp_mul_b_iv_int=\count141
\l_fp_mul_b_v_int=\count142
\l_fp_mul_b_vi_int=\count143
\l_fp_mul_output_int=\count144
\l_fp_output_sign_int=\count145
\l_fp_output_integer_int=\count146
\l_fp_output_decimal_int=\count147
\l_fp_output_exponent_int=\count148
\l_fp_output_extended_int=\count149
\l_fp_round_position_int=\count150
\l_fp_round_target_int=\count151
\l_fp_split_sign_int=\count152
\l_fp_internal_int=\count153
\l_fp_trig_octant_int=\count154
\l_fp_trig_sign_int=\count155
\l_fp_trig_decimal_int=\count156
\l_fp_trig_extended_int=\count157
\l_fp_internal_dim=\dimen112
\l_fp_internal_skip=\skip65
)
(d:\CTEX\MiKTeX\tex\latex\l3kernel\l3box.sty
Package: l3box 2012/02/18 v3432 L3 Experimental boxes
\l_tmpb_box=\box27
\l_box_top_dim=\dimen113
\l_box_bottom_dim=\dimen114
\l_box_left_dim=\dimen115
\l_box_right_dim=\dimen116
\l_box_top_new_dim=\dimen117
\l_box_bottom_new_dim=\dimen118
\l_box_left_new_dim=\dimen119
\l_box_right_new_dim=\dimen120
\l_box_internal_box=\box28
)
(d:\CTEX\MiKTeX\tex\latex\l3kernel\l3coffins.sty
Package: l3coffins 2012/02/26 v3460 L3 Experimental coffin code layer
\l_coffin_internal_box=\box29
\l_coffin_internal_dim=\dimen121
\l_coffin_offset_x_dim=\dimen122
\l_coffin_offset_y_dim=\dimen123
\l_coffin_x_dim=\dimen124
\l_coffin_y_dim=\dimen125
\l_coffin_x_prime_dim=\dimen126
\l_coffin_y_prime_dim=\dimen127
\l_coffin_Depth_dim=\dimen128
\l_coffin_Height_dim=\dimen129
\l_coffin_TotalHeight_dim=\dimen130
\l_coffin_Width_dim=\dimen131
\c_empty_coffin=\box30
\l_coffin_aligned_coffin=\box31
\l_coffin_aligned_internal_coffin=\box32
\l_coffin_bounding_shift_dim=\dimen132
\l_coffin_left_corner_dim=\dimen133
\l_coffin_right_corner_dim=\dimen134
\l_coffin_bottom_corner_dim=\dimen135
\l_coffin_top_corner_dim=\dimen136
\l_coffin_scaled_total_height_dim=\dimen137
\l_coffin_scaled_width_dim=\dimen138
\l_coffin_display_coffin=\box33
\l_coffin_display_coord_coffin=\box34
\l_coffin_display_pole_coffin=\box35
\l_coffin_display_offset_dim=\dimen139
\l_coffin_display_x_dim=\dimen140
\l_coffin_display_y_dim=\dimen141
)
(d:\CTEX\MiKTeX\tex\latex\l3kernel\l3color.sty
Package: l3color 2011/09/07 v2776 L3 Experimental colour support
)
(d:\CTEX\MiKTeX\tex\latex\l3kernel\l3luatex.sty
Package: l3luatex 2012/02/09 v3355 L3 Experimental LuaTeX-specific functions
\g_cctab_allocate_int=\count158
\g_cctab_stack_int=\count159
))
(d:\CTEX\MiKTeX\tex\latex\l3packages\xparse\xparse.sty
Package: xparse 2012/02/26 v3471 L3 Experimental document command parser
\l_xparse_current_arg_int=\count160
\l_xparse_m_args_int=\count161
\l_xparse_mandatory_args_int=\count162
\l_xparse_processor_int=\count163
\l_xparse_v_nesting_int=\count164
)
\l_fontspec_script_int=\count165
\l_fontspec_language_int=\count166
\l_fontspec_strnum_int=\count167
\l_fontspec_tmpa_dim=\dimen142
\l_fontspec_tmpb_dim=\dimen143
\l_fontspec_tmpc_dim=\dimen144
Variant \tl_gset:cV already defined; not changing it on line 66

(d:\CTEX\MiKTeX\tex\latex\fontspec\fontspec-patches.sty
Package: fontspec-patches 2011/09/18 v2.2a Advanced font selection for XeLaTeX/
LuaLaTeX

(d:\CTEX\MiKTeX\tex\latex\base\fixltx2e.sty
Package: fixltx2e 2006/09/13 v1.1m fixes to LaTeX
LaTeX Info: Redefining \em on input line 420.
)
LaTeX Info: Redefining \em on input line 22.
LaTeX Info: Redefining \emph on input line 29.
LaTeX Info: Redefining \- on input line 32.

*************************************************
* LaTeX warning: "xparse/redefine-command"
* 
* Redefining document command \oldstylenums with arg. spec. 'm' on line 107.
*************************************************
.................................................
. LaTeX info: "xparse/define-command"
. 
. Defining document command \liningnums with arg. spec. 'm' on line 111.
.................................................
) (d:\CTEX\MiKTeX\tex\latex\fontspec\fontspec-xetex.sty
Package: fontspec-xetex 2011/09/18 v2.2a Advanced font selection for XeLaTeX/Lu
aLaTeX

(d:\CTEX\MiKTeX\tex\latex\base\fontenc.sty
Package: fontenc 2005/09/27 v1.99g Standard LaTeX package

(d:\CTEX\MiKTeX\tex\latex\euenc\eu1enc.def
File: eu1enc.def 2010/05/27 v0.1h Experimental Unicode font encodings
)
LaTeX Font Info:    Try loading font information for EU1+lmr on input line 100.


(d:\CTEX\MiKTeX\tex\latex\euenc\eu1lmr.fd
File: eu1lmr.fd 2009/10/30 v1.6 Font defs for Latin Modern
)
Requested font "[lmroman10-regular]:mapping=tex-text" at 10.0pt
 -> d:/CTEX/MiKTeX/fonts/opentype/public/lm/lmroman10-regular.otf
)
(d:\CTEX\MiKTeX\tex\xelatex\xunicode\xunicode.sty
File: xunicode.sty 2011/09/09 v0.981 provides access to latin accents and many 
other characters in Unicode lower plane

(d:\CTEX\MiKTeX\tex\latex\tipa\t3enc.def
File: t3enc.def 2001/12/31 T3 encoding
Requested font "[lmromanslant10-regular]:mapping=tex-text" at 10.0pt
 -> d:/CTEX/MiKTeX/fonts/opentype/public/lm/lmromanslant10-regular.otf
Requested font "[lmroman10-italic]:mapping=tex-text" at 10.0pt
 -> d:/CTEX/MiKTeX/fonts/opentype/public/lm/lmroman10-italic.otf
Requested font "[lmroman10-bold]:mapping=tex-text" at 10.0pt
 -> d:/CTEX/MiKTeX/fonts/opentype/public/lm/lmroman10-bold.otf
LaTeX Font Info:    Try loading font information for EU1+lmss on input line 357
.

(d:\CTEX\MiKTeX\tex\latex\euenc\eu1lmss.fd
File: eu1lmss.fd 2009/10/30 v1.6 Font defs for Latin Modern
)
Requested font "[lmsans10-regular]:mapping=tex-text" at 10.0pt
 -> d:/CTEX/MiKTeX/fonts/opentype/public/lm/lmsans10-regular.otf
)
\tipaTiiicode=\count168
\tipasavetokens=\toks15
\tipachecktokens=\toks16
)
.................................................
. LaTeX info: "xparse/define-command"
. 
. Defining document command \fontspec with arg. spec. 'O{}m' on line 39.
.................................................
.................................................
. LaTeX info: "xparse/define-command"
. 
. Defining document command \setmainfont with arg. spec. 'O{}m' on line 43.
.................................................
.................................................
. LaTeX info: "xparse/define-command"
. 
. Defining document command \setsansfont with arg. spec. 'O{}m' on line 47.
.................................................
.................................................
. LaTeX info: "xparse/define-command"
. 
. Defining document command \setmonofont with arg. spec. 'O{}m' on line 51.
.................................................
.................................................
. LaTeX info: "xparse/define-command"
. 
. Defining document command \setmathrm with arg. spec. 'O{}m' on line 59.
.................................................
.................................................
. LaTeX info: "xparse/define-command"
. 
. Defining document command \setboldmathrm with arg. spec. 'O{}m' on line 62.
.................................................
.................................................
. LaTeX info: "xparse/define-command"
. 
. Defining document command \setmathsf with arg. spec. 'O{}m' on line 65.
.................................................
.................................................
. LaTeX info: "xparse/define-command"
. 
. Defining document command \setmathtt with arg. spec. 'O{}m' on line 68.
.................................................
.................................................
. LaTeX info: "xparse/define-command"
. 
. Defining document command \newfontfamily with arg. spec. 'mO{}m' on line 84.
.................................................
.................................................
. LaTeX info: "xparse/define-command"
. 
. Defining document command \newfontface with arg. spec. 'mO{}m' on line 87.
.................................................
.................................................
. LaTeX info: "xparse/define-command"
. 
. Defining document command \defaultfontfeatures with arg. spec. 'm' on line
. 91.
.................................................
.................................................
. LaTeX info: "xparse/define-command"
. 
. Defining document command \addfontfeatures with arg. spec. 'm' on line 107.
.................................................
.................................................
. LaTeX info: "xparse/define-command"
. 
. Defining document command \newfontfeature with arg. spec. 'mm' on line 118.
.................................................
.................................................
. LaTeX info: "xparse/define-command"
. 
. Defining document command \newAATfeature with arg. spec. 'mmmm' on line 125.
.................................................
.................................................
. LaTeX info: "xparse/define-command"
. 
. Defining document command \newICUfeature with arg. spec. 'mmm' on line 132.
.................................................
.................................................
. LaTeX info: "xparse/define-command"
. 
. Defining document command \aliasfontfeature with arg. spec. 'mm' on line
. 159.
.................................................
.................................................
. LaTeX info: "xparse/define-command"
. 
. Defining document command \aliasfontfeatureoption with arg. spec. 'mmm' on
. line 164.
.................................................
.................................................
. LaTeX info: "xparse/define-command"
. 
. Defining document command \newfontscript with arg. spec. 'mm' on line 169.
.................................................
.................................................
. LaTeX info: "xparse/define-command"
. 
. Defining document command \newfontlanguage with arg. spec. 'mm' on line 192.
.................................................
.................................................
. LaTeX info: "xparse/define-command"
. 
. Defining document command \DeclareFontsExtensions with arg. spec. 'm' on
. line 211.
.................................................
Variant \prop_gput:cnV already defined; not changing it on line 485
Variant \prop_gput:cnx already defined; not changing it on line 486
Variant \keys_set:nx already defined; not changing it on line 963
\c@fontspec_tmp_int=\count169
LaTeX Info: Redefining \itshape on input line 1881.
LaTeX Info: Redefining \slshape on input line 1885.
LaTeX Info: Redefining \scshape on input line 1889.
LaTeX Info: Redefining \upshape on input line 1893.

(d:\CTEX\MiKTeX\tex\latex\fontspec\fontspec.cfg)))
(d:\CTEX\MiKTeX\tex\latex\xltxtra\xltxtra.sty
Package: xltxtra 2010/09/20 v0.5e Improvements for the "XeLaTeX" format

(d:\CTEX\MiKTeX\tex\latex\realscripts\realscripts.sty
Package: realscripts 2010/09/30 v0.3 Access OpenType subscripts and superscript
s
.................................................
. LaTeX info: "xparse/define-command"
. 
. Defining document command \fakesubscript with arg. spec. 'm' on line 19.
.................................................
.................................................
. LaTeX info: "xparse/define-command"
. 
. Defining document command \fakesuperscript with arg. spec. 'm' on line 22.
.................................................

*************************************************
* LaTeX warning: "xparse/redefine-command"
* 
* Redefining document command \textsubscript with arg. spec. 's' on line 25.
*************************************************
*************************************************
* LaTeX warning: "xparse/redefine-command"
* 
* Redefining document command \textsuperscript with arg. spec. 's' on line 28.
*************************************************
.................................................
. LaTeX info: "xparse/define-command"
. 
. Defining document command \realsubscript with arg. spec. 'm' on line 45.
.................................................
.................................................
. LaTeX info: "xparse/define-command"
. 
. Defining document command \realsuperscript with arg. spec. 'm' on line 60.
.................................................
.................................................
. LaTeX info: "xparse/define-command"
. 
. Defining document command \textsubsuperscript with arg. spec. 'sO{l}mm' on
. line 137.
.................................................
.................................................
. LaTeX info: "xparse/define-command"
. 
. Defining document command \textsupersubscript with arg. spec. 'sO{l}mm' on
. line 140.
.................................................
\subsupersep=\dimen145
) (d:\CTEX\MiKTeX\tex\latex\metalogo\metalogo.sty
Package: metalogo 2010/05/29 v0.12 Extended TeX logo macros
\xl@everylogo=\toks17
\xl@@everylogo=\toks18
LaTeX Info: Redefining \TeX on input line 193.
LaTeX Info: Redefining \LaTeX on input line 202.
LaTeX Info: Redefining \LaTeXe on input line 219.
)
\xxt@tempbox=\box36
)
Requested font "Times New Roman" at 10.0pt
 -> C:/WINDOWS/Fonts/times.ttf
Requested font "Times New Roman/ICU" at 10.0pt
 -> C:/WINDOWS/Fonts/times.ttf
.................................................
. fontspec info: "no-scripts"
. 
. Font Times New Roman does not contain any OpenType `Script' information.
.................................................
.................................................
. fontspec info: "set-scale"
. 
. Times New Roman scale = 0.9636323790.
.................................................

*************************************************
* fontspec warning: "icu-feature-not-exist-in-font"
* 
* OpenType feature 'Numbers=OldStyle' (+onum) not available for font 'Times
* New Roman' with script '' and language ''.
*************************************************
\g_fontspec_family_Times New Roman_int=\count170
.................................................
. fontspec info: "set-scale"
. 
. Times New Roman scale = 0.9636323790.
.................................................
*************************************************
* fontspec warning: "icu-feature-not-exist-in-font"
* 
* OpenType feature 'Numbers=OldStyle' (+onum) not available for font 'Times
* New Roman' with script '' and language ''.
*************************************************
Requested font "Times New Roman/B/ICU" at 10.0pt
 -> C:/WINDOWS/Fonts/timesbd.ttf
Requested font "Times New Roman/B/B/ICU" at 10.0pt
 -> C:/WINDOWS/Fonts/timesbd.ttf
.................................................
. fontspec info: "set-scale"
. 
. Times New Roman/B scale = 0.9440512720.
.................................................
*************************************************
* fontspec warning: "icu-feature-not-exist-in-font"
* 
* OpenType feature 'Numbers=OldStyle' (+onum) not available for font 'Times
* New Roman/B' with script '' and language ''.
*************************************************
Requested font "Times New Roman/I/ICU" at 10.0pt
 -> C:/WINDOWS/Fonts/timesi.ttf
Requested font "Times New Roman/I/I/ICU" at 10.0pt
 -> C:/WINDOWS/Fonts/timesi.ttf
.................................................
. fontspec info: "set-scale"
. 
. Times New Roman/I scale = 0.9753448210.
.................................................
*************************************************
* fontspec warning: "icu-feature-not-exist-in-font"
* 
* OpenType feature 'Numbers=OldStyle' (+onum) not available for font 'Times
* New Roman/I' with script '' and language ''.
*************************************************
Requested font "Times New Roman/BI/ICU" at 10.0pt
 -> C:/WINDOWS/Fonts/timesbi.ttf
Requested font "Times New Roman/BI/BI/ICU" at 10.0pt
 -> C:/WINDOWS/Fonts/timesbi.ttf
.................................................
. fontspec info: "set-scale"
. 
. Times New Roman/BI scale = 0.9521978980.
.................................................
*************************************************
* fontspec warning: "icu-feature-not-exist-in-font"
* 
* OpenType feature 'Numbers=OldStyle' (+onum) not available for font 'Times
* New Roman/BI' with script '' and language ''.
*************************************************
.................................................
. fontspec info: "defining-font"
. 
. Font family 'TimesNewRoman(0)' created for font 'Times New Roman' with
. options [Scale=MatchLowercase,Numbers=OldStyle,Mapping=tex-text].
. 
. This font family consists of the following shapes:
. 
. * 'normal' with NFSS spec.:
. <->s*[0.9636323790]"Times New Roman/ICU:mapping=tex-text;"
. 
. * 'bold' with NFSS spec.:
. <->s*[0.9440512720]"Times New Roman/B/ICU:mapping=tex-text;"
. 
. * 'italic' with NFSS spec.:
. <->s*[0.9753448210]"Times New Roman/I/ICU:mapping=tex-text;"
. 
. * 'bold italic' with NFSS spec.:
. <->s*[0.9521978980]"Times New Roman/BI/ICU:mapping=tex-text;"
.................................................
LaTeX Font Info:    Font shape `EU1/TimesNewRoman(0)/m/n' will be
(Font)              scaled to size 9.63638pt on input line 4.
Requested font "Times New Roman/ICU:mapping=tex-text;" at 9.63638pt
 -> C:/WINDOWS/Fonts/times.ttf
Requested font "Arial" at 10.0pt
 -> C:/WINDOWS/Fonts/arial.ttf
Requested font "Arial/ICU" at 10.0pt
 -> C:/WINDOWS/Fonts/arial.ttf
.................................................
. fontspec info: "no-scripts"
. 
. Font Arial does not contain any OpenType `Script' information.
.................................................
.................................................
. fontspec info: "set-scale"
. 
. Arial scale = 0.8311615930.
.................................................
\g_fontspec_family_Arial_int=\count171
.................................................
. fontspec info: "set-scale"
. 
. Arial scale = 0.8311615930.
.................................................
Requested font "Arial/B/ICU" at 10.0pt
 -> C:/WINDOWS/Fonts/arialbd.ttf
Requested font "Arial/B/B/ICU" at 10.0pt
 -> C:/WINDOWS/Fonts/arialbd.ttf
.................................................
. fontspec info: "set-scale"
. 
. Arial/B scale = 0.8311615930.
.................................................
Requested font "Arial/I/ICU" at 10.0pt
 -> C:/WINDOWS/Fonts/ariali.ttf
Requested font "Arial/I/I/ICU" at 10.0pt
 -> C:/WINDOWS/Fonts/ariali.ttf
.................................................
. fontspec info: "set-scale"
. 
. Arial/I scale = 0.8311615930.
.................................................
Requested font "Arial/BI/ICU" at 10.0pt
 -> C:/WINDOWS/Fonts/arialbi.ttf
Requested font "Arial/BI/BI/ICU" at 10.0pt
 -> C:/WINDOWS/Fonts/arialbi.ttf
.................................................
. fontspec info: "set-scale"
. 
. Arial/BI scale = 0.8311615930.
.................................................
.................................................
. fontspec info: "defining-font"
. 
. Font family 'Arial(0)' created for font 'Arial' with options
. [Scale=MatchLowercase,Mapping=tex-text].
. 
. This font family consists of the following shapes:
. 
. * 'normal' with NFSS spec.:
. <->s*[0.8311615930]"Arial/ICU:mapping=tex-text;"
. 
. * 'bold' with NFSS spec.:
. <->s*[0.8311615930]"Arial/B/ICU:mapping=tex-text;"
. 
. * 'italic' with NFSS spec.:
. <->s*[0.8311615930]"Arial/I/ICU:mapping=tex-text;"
. 
. * 'bold italic' with NFSS spec.:
. <->s*[0.8311615930]"Arial/BI/ICU:mapping=tex-text;"
.................................................
Requested font "Courier New" at 10.0pt
 -> C:/WINDOWS/Fonts/cour.ttf
Requested font "Courier New/ICU" at 10.0pt
 -> C:/WINDOWS/Fonts/cour.ttf
.................................................
. fontspec info: "no-scripts"
. 
. Font Courier New does not contain any OpenType `Script' information.
.................................................
.................................................
. fontspec info: "set-scale"
. 
. Courier New scale = 1.019276247.
.................................................
\g_fontspec_family_Courier New_int=\count172
.................................................
. fontspec info: "set-scale"
. 
. Courier New scale = 1.019276247.
.................................................
Requested font "Courier New/B/ICU" at 10.0pt
 -> C:/WINDOWS/Fonts/courbd.ttf
Requested font "Courier New/B/B/ICU" at 10.0pt
 -> C:/WINDOWS/Fonts/courbd.ttf
.................................................
. fontspec info: "set-scale"
. 
. Courier New/B scale = 0.9721287440.
.................................................
Requested font "Courier New/I/ICU" at 10.0pt
 -> C:/WINDOWS/Fonts/couri.ttf
Requested font "Courier New/I/I/ICU" at 10.0pt
 -> C:/WINDOWS/Fonts/couri.ttf
.................................................
. fontspec info: "set-scale"
. 
. Courier New/I scale = 1.019276247.
.................................................
Requested font "Courier New/BI/ICU" at 10.0pt
 -> C:/WINDOWS/Fonts/courbi.ttf
Requested font "Courier New/BI/BI/ICU" at 10.0pt
 -> C:/WINDOWS/Fonts/courbi.ttf
.................................................
. fontspec info: "set-scale"
. 
. Courier New/BI scale = 0.9721287440.
.................................................
.................................................
. fontspec info: "defining-font"
. 
. Font family 'CourierNew(0)' created for font 'Courier New' with options
. [Scale=MatchLowercase,].
. 
. This font family consists of the following shapes:
. 
. * 'normal' with NFSS spec.:
. <->s*[1.019276247]"Courier New/ICU:"
. 
. * 'bold' with NFSS spec.:
. <->s*[0.9721287440]"Courier New/B/ICU:"
. 
. * 'italic' with NFSS spec.:
. <->s*[1.019276247]"Courier New/I/ICU:"
. 
. * 'bold italic' with NFSS spec.:
. <->s*[0.9721287440]"Courier New/BI/ICU:"
.................................................
(d:\CTEX\MiKTeX\tex\xelatex\xecjk\xeCJK.sty
Package: xeCJK 2012/01/31 2.4.5 package for typesetting CJK scripts with XeLaTe
X


Package xeCJK Warning: obsolete option 'CJKtextspaces'. It may be removed in th
e future. on input line 69.

(d:\CTEX\MiKTeX\tex\latex\xkeyval\xkeyval.sty
Package: xkeyval 2008/08/13 v2.6a package option processing (HA)

(d:\CTEX\MiKTeX\tex\generic\xkeyval\xkeyval.tex
\XKV@toks=\toks19
\XKV@tempa@toks=\toks20
\XKV@depth=\count173
File: xkeyval.tex 2008/08/13 v2.6a key=value parser (HA)
))
\xeCJK@cnta=\count174
\xeCJK@cntb=\count175
\xeCJK@cntc=\count176
\xeCJK@cntd=\count177
\xeCJK@cnte=\count178
\xeCJK@dima=\dimen146
LaTeX Info: Redefining \normalfont on input line 886.
LaTeX Info: Redefining \rmfamily on input line 895.
LaTeX Info: Redefining \sffamily on input line 899.
LaTeX Info: Redefining \ttfamily on input line 903.
\xeCJK@featureadded=\count179
\g_xecjk_exspace_dim=\dimen147

(d:\CTEX\MiKTeX\tex\latex\cjk\CJKnumb.sty
Package: CJKnumb 2008/12/29 4.8.2
\CJK@q=\count180
\CJK@r=\count181
))
(d:\CTEX\MiKTeX\tex\latex\xcolor\xcolor.sty
Package: xcolor 2007/01/21 v2.11 LaTeX color extensions (UK)

(d:\CTEX\MiKTeX\tex\latex\00miktex\color.cfg
File: color.cfg 2007/01/18 v1.5 color configuration of teTeX/TeXLive
)
Package xcolor Info: Driver file: xetex.def on input line 225.

(d:\CTEX\MiKTeX\tex\xelatex\xetex-def\xetex.def
File: xetex.def 2009/11/22 v0.94 LaTeX color/graphics driver for XeTeX (RRM/JK)

)
LaTeX Info: Redefining \color on input line 702.
Package xcolor Info: Model `cmy' substituted by `cmy0' on input line 1337.
Package xcolor Info: Model `RGB' extended on input line 1353.
Package xcolor Info: Model `HTML' substituted by `rgb' on input line 1355.
Package xcolor Info: Model `Hsb' substituted by `hsb' on input line 1356.
Package xcolor Info: Model `tHsb' substituted by `hsb' on input line 1357.
Package xcolor Info: Model `HSB' substituted by `hsb' on input line 1358.
Package xcolor Info: Model `Gray' substituted by `gray' on input line 1359.
Package xcolor Info: Model `wave' substituted by `hsb' on input line 1360.
)
(d:\CTEX\MiKTeX\tex\latex\geometry\geometry.sty
Package: geometry 2010/09/12 v5.6 Page Geometry
\Gm@cnth=\count182
\Gm@cntv=\count183
\c@Gm@tempcnt=\count184
\Gm@bindingoffset=\dimen148
\Gm@wd@mp=\dimen149
\Gm@odd@mp=\dimen150
\Gm@even@mp=\dimen151
\Gm@layoutwidth=\dimen152
\Gm@layoutheight=\dimen153
\Gm@layouthoffset=\dimen154
\Gm@layoutvoffset=\dimen155
\Gm@dimlist=\toks21

(d:\CTEX\MiKTeX\tex\xelatex\xetexconfig\geometry.cfg))
(D:\Dropbox\LaTex\Resume\cn\cv.aux)
LaTeX Font Info:    Checking defaults for OML/cmm/m/it on input line 35.
LaTeX Font Info:    ... okay on input line 35.
LaTeX Font Info:    Checking defaults for T1/cmr/m/n on input line 35.
LaTeX Font Info:    ... okay on input line 35.
LaTeX Font Info:    Checking defaults for OT1/cmr/m/n on input line 35.
LaTeX Font Info:    ... okay on input line 35.
LaTeX Font Info:    Checking defaults for OMS/cmsy/m/n on input line 35.
LaTeX Font Info:    ... okay on input line 35.
LaTeX Font Info:    Checking defaults for OMX/cmex/m/n on input line 35.
LaTeX Font Info:    ... okay on input line 35.
LaTeX Font Info:    Checking defaults for U/cmr/m/n on input line 35.
LaTeX Font Info:    ... okay on input line 35.
LaTeX Font Info:    Checking defaults for PD1/pdf/m/n on input line 35.
LaTeX Font Info:    ... okay on input line 35.
LaTeX Font Info:    Checking defaults for PU/pdf/m/n on input line 35.
LaTeX Font Info:    ... okay on input line 35.
LaTeX Font Info:    Checking defaults for EU1/lmr/m/n on input line 35.
LaTeX Font Info:    ... okay on input line 35.
LaTeX Font Info:    Checking defaults for T3/cmr/m/n on input line 35.
LaTeX Font Info:    Try loading font information for T3+cmr on input line 35.
 (d:\CTEX\MiKTeX\tex\latex\tipa\t3cmr.fd
File: t3cmr.fd 2001/12/31 TIPA font definitions
)
LaTeX Font Info:    ... okay on input line 35.
LaTeX Font Info:    Font shape `EU1/TimesNewRoman(0)/m/n' will be
(Font)              scaled to size 10.55183pt on input line 35.
Requested font "Times New Roman/ICU:mapping=tex-text;" at 10.55183pt
 -> C:/WINDOWS/Fonts/times.ttf
\AtBeginShipoutBox=\box37
Package hyperref Info: Link coloring ON on input line 35.

(d:\CTEX\MiKTeX\tex\latex\hyperref\nameref.sty
Package: nameref 2010/04/30 v2.40 Cross-referencing by name of section

(d:\CTEX\MiKTeX\tex\generic\oberdiek\gettitlestring.sty
Package: gettitlestring 2010/12/03 v1.4 Cleanup title references (HO)
)
\c@section@level=\count185
)
LaTeX Info: Redefining \ref on input line 35.
LaTeX Info: Redefining \pageref on input line 35.
LaTeX Info: Redefining \nameref on input line 35.

(D:\Dropbox\LaTex\Resume\cn\cv.out) (D:\Dropbox\LaTex\Resume\cn\cv.out)
\@outlinefile=\write3

(D:\Dropbox\LaTex\Resume\cn\moderncvthemeclassic.sty
Package: moderncvthemeclassic 2008/06/17 v0.7 modern curriculum vitae style: cl
assic
LaTeX Font Info:    Font shape `EU1/Arial(0)/m/n' will be
(Font)              scaled to size 9.10121pt on input line 96.
Requested font "Arial/ICU:mapping=tex-text;" at 9.10121pt
 -> C:/WINDOWS/Fonts/arial.ttf
\maketitlenamemaxwidth=\skip66
\maketitlenamefullwidth=\skip67
LaTeX Font Info:    Font shape `EU1/Arial(0)/m/n' will be
(Font)              scaled to size 28.25949pt on input line 113.
Requested font "Arial/ICU:mapping=tex-text;" at 28.25949pt
 -> C:/WINDOWS/Fonts/arial.ttf
Requested font "Adobe Kaiti Std" at 34.0pt
 -> C:/WINDOWS/Fonts/AdobeKaitiStd-Regular.otf
Requested font "Adobe Kaiti Std/ICU" at 34.0pt
 -> C:/WINDOWS/Fonts/AdobeKaitiStd-Regular.otf
\g_fontspec_family_Adobe Kaiti Std_int=\count186
Requested font "Adobe Kaiti Std/ICU" at 34.0pt
 -> C:/WINDOWS/Fonts/AdobeKaitiStd-Regular.otf
Requested font "Adobe Kaiti Std/ICU" at 34.0pt
 -> C:/WINDOWS/Fonts/AdobeKaitiStd-Regular.otf
Requested font "Adobe Kaiti Std/ICU" at 34.0pt
 -> C:/WINDOWS/Fonts/AdobeKaitiStd-Regular.otf
Requested font "Adobe Kaiti Std/ICU" at 34.0pt
 -> C:/WINDOWS/Fonts/AdobeKaitiStd-Regular.otf
.................................................
. fontspec info: "defining-font"
. 
. Font family 'AdobeKaitiStd(0)' created for font 'Adobe Kaiti Std' with
. options [Mapping=tex-text,BoldFont={Adobe Kaiti
. Std},BoldFeatures={RawFeature={embolden=4}},ItalicFont={Adobe Kaiti
. Std},ItalicFeatures={RawFeature={slant=0.17}},BoldItalicFont={Adobe Kaiti
. Std},BoldItalicFeatures={RawFeature={embolden=4,slant=0.17}}].
. 
. This font family consists of the following shapes:
. 
. * 'normal' with NFSS spec.:
. <->"Adobe Kaiti Std/ICU:script=latn;language=DFLT;mapping=tex-text;"
. 
. * 'bold' with NFSS spec.:
. <->"Adobe Kaiti
. Std/ICU:script=latn;language=DFLT;mapping=tex-text;embolden=4;"
. 
. * 'italic' with NFSS spec.:
. <->"Adobe Kaiti
. Std/ICU:script=latn;language=DFLT;mapping=tex-text;slant=0.17;"
. 
. * 'bold italic' with NFSS spec.:
. <->"Adobe Kaiti
. Std/ICU:script=latn;language=DFLT;mapping=tex-text;embolden=4,slant=0.17;"
.................................................
Requested font "Adobe Kaiti Std/ICU:script=latn;language=DFLT;mapping=tex-text;
" at 34.0pt
 -> C:/WINDOWS/Fonts/AdobeKaitiStd-Regular.otf
Requested font "Adobe Kaiti Std/ICU:script=latn;language=DFLT;mapping=tex-text;
" at 34.0pt
 -> C:/WINDOWS/Fonts/AdobeKaitiStd-Regular.otf
\maketitlenamewidth=\skip68
\maketitlepicturewidth=\skip69
\maketitledetailswidth=\skip70
)

Package hyperref Warning: Token not allowed in a PDF string (Unicode):
(hyperref)                removing `\<def>-command' on input line 35.


Package hyperref Warning: Token not allowed in a PDF string (Unicode):
(hyperref)                removing `\xeCJK@family' on input line 35.


Package hyperref Warning: Token not allowed in a PDF string (Unicode):
(hyperref)                removing `\<def>-command' on input line 35.


Package hyperref Warning: Token not allowed in a PDF string (Unicode):
(hyperref)                removing `\xeCJK@family' on input line 35.


Package hyperref Warning: Token not allowed in a PDF string (Unicode):
(hyperref)                removing `\<def>-command' on input line 35.


Package hyperref Warning: Token not allowed in a PDF string (Unicode):
(hyperref)                removing `\xeCJK@family' on input line 35.

*geometry* detected driver: pdftex
*geometry* verbose mode - [ preamble ] result:
* driver: pdftex
* paper: a4paper
* layout: <same size as paper>
* layoutoffset:(h,v)=(0.0pt,0.0pt)
* modes: 
* h-part:(L,W,R)=(14.93861pt, 567.63065pt, 14.93861pt)
* v-part:(T,H,B)=(16.90195pt, 802.79192pt, 25.35298pt)
* \paperwidth=597.50787pt
* \paperheight=845.04684pt
* \textwidth=567.63065pt
* \textheight=802.79192pt
* \oddsidemargin=-57.33138pt
* \evensidemargin=-57.33138pt
* \topmargin=-92.36804pt
* \headheight=12.0pt
* \headsep=25.0pt
* \topskip=11.0pt
* \footskip=30.0pt
* \marginparwidth=40.0pt
* \marginparsep=5.0pt
* \columnsep=10.0pt
* \skip\footins=10.0pt plus 4.0pt minus 2.0pt
* \hoffset=0.0pt
* \voffset=0.0pt
* \mag=1000
* \@twocolumnfalse
* \@twosidefalse
* \@mparswitchfalse
* \@reversemarginfalse
* (1in=72.27pt=25.4mm, 1cm=28.453pt)

LaTeX Font Info:    Font shape `EU1/Arial(0)/m/n' will be
(Font)              scaled to size 14.36246pt on input line 36.
Requested font "Arial/ICU:mapping=tex-text;" at 14.36246pt
 -> C:/WINDOWS/Fonts/arial.ttf

LaTeX Font Warning: Font shape `EU1/Arial(0)/m/sl' undefined
(Font)              using `EU1/Arial(0)/m/n' instead on input line 36.

Requested font "Adobe Heiti Std" at 17.28pt
 -> C:/WINDOWS/Fonts/AdobeHeitiStd-Regular.otf
Requested font "Adobe Heiti Std/ICU" at 17.28pt
 -> C:/WINDOWS/Fonts/AdobeHeitiStd-Regular.otf
\g_fontspec_family_Adobe Heiti Std_int=\count187
Requested font "Adobe Heiti Std/ICU" at 17.28pt
 -> C:/WINDOWS/Fonts/AdobeHeitiStd-Regular.otf
Requested font "Adobe Heiti Std/ICU" at 17.28pt
 -> C:/WINDOWS/Fonts/AdobeHeitiStd-Regular.otf
Requested font "Adobe Heiti Std/ICU" at 17.28pt
 -> C:/WINDOWS/Fonts/AdobeHeitiStd-Regular.otf
Requested font "Adobe Heiti Std/ICU" at 17.28pt
 -> C:/WINDOWS/Fonts/AdobeHeitiStd-Regular.otf
.................................................
. fontspec info: "defining-font"
. 
. Font family 'AdobeHeitiStd(0)' created for font 'Adobe Heiti Std' with
. options [Mapping=tex-text,BoldFont={Adobe Heiti
. Std},BoldFeatures={RawFeature={embolden=4}},ItalicFont={Adobe Heiti
. Std},ItalicFeatures={RawFeature={slant=0.17}},BoldItalicFont={Adobe Heiti
. Std},BoldItalicFeatures={RawFeature={embolden=4,slant=0.17}}].
. 
. This font family consists of the following shapes:
. 
. * 'normal' with NFSS spec.:
. <->"Adobe Heiti Std/ICU:script=latn;language=DFLT;mapping=tex-text;"
. 
. * 'bold' with NFSS spec.:
. <->"Adobe Heiti
. Std/ICU:script=latn;language=DFLT;mapping=tex-text;embolden=4;"
. 
. * 'italic' with NFSS spec.:
. <->"Adobe Heiti
. Std/ICU:script=latn;language=DFLT;mapping=tex-text;slant=0.17;"
. 
. * 'bold italic' with NFSS spec.:
. <->"Adobe Heiti
. Std/ICU:script=latn;language=DFLT;mapping=tex-text;embolden=4,slant=0.17;"
.................................................

LaTeX Font Warning: Font shape `EU1/AdobeHeitiStd(0)/m/sl' undefined
(Font)              using `EU1/AdobeHeitiStd(0)/m/n' instead on input line 36.

Requested font "Adobe Heiti Std/ICU:script=latn;language=DFLT;mapping=tex-text;
" at 17.28pt
 -> C:/WINDOWS/Fonts/AdobeHeitiStd-Regular.otf
Requested font "Adobe Heiti Std/ICU:script=latn;language=DFLT;mapping=tex-text;
" at 17.28pt
 -> C:/WINDOWS/Fonts/AdobeHeitiStd-Regular.otf

LaTeX Font Warning: Font shape `EU1/TimesNewRoman(0)/m/sl' undefined
(Font)              using `EU1/TimesNewRoman(0)/m/n' instead on input line 36.

LaTeX Font Info:    Try loading font information for U+mvs on input line 36.
(d:\CTEX\MiKTeX\tex\latex\marvosym\umvs.fd)
Requested font "umvs" at 10.95pt
 -> umvs
Requested font "Adobe Song Std" at 10.95pt
 -> C:/WINDOWS/Fonts/AdobeSongStd-Light (v5.010).otf
Requested font "Adobe Song Std/ICU" at 10.95pt
 -> C:/WINDOWS/Fonts/AdobeSongStd-Light (v5.010).otf
\g_fontspec_family_Adobe Song Std_int=\count188
Requested font "Adobe Song Std/ICU" at 10.95pt
 -> C:/WINDOWS/Fonts/AdobeSongStd-Light (v5.010).otf
Requested font "Adobe Heiti Std/ICU" at 10.95pt
 -> C:/WINDOWS/Fonts/AdobeHeitiStd-Regular.otf
Requested font "Adobe Kaiti Std/ICU" at 10.95pt
 -> C:/WINDOWS/Fonts/AdobeKaitiStd-Regular.otf
Requested font "Adobe Heiti Std/ICU" at 10.95pt
 -> C:/WINDOWS/Fonts/AdobeHeitiStd-Regular.otf
.................................................
. fontspec info: "defining-font"
. 
. Font family 'AdobeSongStd(0)' created for font 'Adobe Song Std' with options
. [Mapping=tex-text,,BoldItalicFont={Adobe Heiti
. Std},BoldItalicFeatures={RawFeature={slant=0.17}},BoldFont={Adobe Heiti
. Std},ItalicFont={Adobe Kaiti Std}].
. 
. This font family consists of the following shapes:
. 
. * 'normal' with NFSS spec.:
. <->"Adobe Song Std/ICU:script=latn;language=DFLT;mapping=tex-text;"
. 
. * 'bold' with NFSS spec.:
. <->"Adobe Heiti Std/ICU:script=latn;language=DFLT;mapping=tex-text;"
. 
. * 'italic' with NFSS spec.:
. <->"Adobe Kaiti Std/ICU:script=latn;language=DFLT;mapping=tex-text;"
. 
. * 'bold italic' with NFSS spec.:
. <->"Adobe Heiti
. Std/ICU:script=latn;language=DFLT;mapping=tex-text;slant=0.17;"
.................................................


LaTeX Font Warning: Font shape `EU1/AdobeSongStd(0)/m/sl' undefined
(Font)              using `EU1/AdobeSongStd(0)/m/n' instead on input line 36.

Requested font "Adobe Song Std/ICU:script=latn;language=DFLT;mapping=tex-text;"
 at 10.95pt
 -> C:/WINDOWS/Fonts/AdobeSongStd-Light (v5.010).otf
Requested font "Adobe Song Std/ICU:script=latn;language=DFLT;mapping=tex-text;"
 at 10.95pt
 -> C:/WINDOWS/Fonts/AdobeSongStd-Light (v5.010).otf
LaTeX Font Info:    Font shape `EU1/TimesNewRoman(0)/m/sl' will be
(Font)              scaled to size 13.87637pt on input line 36.
Requested font "Times New Roman/ICU:mapping=tex-text;" at 13.87637pt
 -> C:/WINDOWS/Fonts/times.ttf
Requested font "umvs" at 14.4pt
 -> umvs
File: pic3.jpg Graphic file (type QTm)
<use  "pic3.jpg" >
LaTeX Font Info:    Font shape `EU1/Arial(0)/m/n' will be
(Font)              scaled to size 9.97394pt on input line 36.
Requested font "Arial/ICU:mapping=tex-text;" at 9.97394pt
 -> C:/WINDOWS/Fonts/arial.ttf
LaTeX Font Info:    Font shape `EU1/Arial(0)/m/sl' will be
(Font)              scaled to size 9.97394pt on input line 36.
LaTeX Font Info:    Font shape `EU1/Arial(0)/m/it' will be
(Font)              scaled to size 9.97394pt on input line 36.
Requested font "Arial/I/ICU:mapping=tex-text;" at 9.97394pt
 -> C:/WINDOWS/Fonts/ariali.ttf
Requested font "Adobe Song Std" at 12.0pt
 -> C:/WINDOWS/Fonts/AdobeSongStd-Light (v5.010).otf
Requested font "Adobe Song Std/ICU" at 12.0pt
 -> C:/WINDOWS/Fonts/AdobeSongStd-Light (v5.010).otf
.................................................
. fontspec info: "defining-font"
. 
. Font family 'AdobeSongStd(0)' created for font 'Adobe Song Std' with options
. [Mapping=tex-text,,BoldItalicFont={Adobe Heiti
. Std},BoldItalicFeatures={RawFeature={slant=0.17}},BoldFont={Adobe Heiti
. Std},ItalicFont={Adobe Kaiti Std}].
. 
. This font family consists of the following shapes:
.................................................
Requested font "Adobe Kaiti Std/ICU:script=latn;language=DFLT;mapping=tex-text;
" at 12.0pt
 -> C:/WINDOWS/Fonts/AdobeKaitiStd-Regular.otf
Requested font "Adobe Kaiti Std/ICU:script=latn;language=DFLT;mapping=tex-text;
" at 12.0pt
 -> C:/WINDOWS/Fonts/AdobeKaitiStd-Regular.otf
LaTeX Font Info:    Try loading font information for OT1+lmr on input line 36.
 (d:\CTEX\MiKTeX\tex\latex\lm\ot1lmr.fd
File: ot1lmr.fd 2009/10/30 v1.6 Font defs for Latin Modern
)
Requested font "rm-lmr10" at 10.95pt
 -> rm-lmr10
Requested font "rm-lmr8" at 8.0pt
 -> rm-lmr8
Requested font "rm-lmr6" at 6.0pt
 -> rm-lmr6
LaTeX Font Info:    Try loading font information for OML+lmm on input line 36.

(d:\CTEX\MiKTeX\tex\latex\lm\omllmm.fd
File: omllmm.fd 2009/10/30 v1.6 Font defs for Latin Modern
)
Requested font "lmmi10" at 10.95pt
 -> lmmi10
Requested font "lmmi8" at 8.0pt
 -> lmmi8
Requested font "lmmi6" at 6.0pt
 -> lmmi6
LaTeX Font Info:    Try loading font information for OMS+lmsy on input line 36.

 (d:\CTEX\MiKTeX\tex\latex\lm\omslmsy.fd
File: omslmsy.fd 2009/10/30 v1.6 Font defs for Latin Modern
)
Requested font "lmsy10" at 10.95pt
 -> lmsy10
Requested font "lmsy8" at 8.0pt
 -> lmsy8
Requested font "lmsy6" at 6.0pt
 -> lmsy6
LaTeX Font Info:    Try loading font information for OMX+lmex on input line 36.

 (d:\CTEX\MiKTeX\tex\latex\lm\omxlmex.fd
File: omxlmex.fd 2009/10/30 v1.6 Font defs for Latin Modern
)
LaTeX Font Info:    External font `lmex10' loaded for size
(Font)              <10.95> on input line 36.
Requested font "lmex10" scaled 1000
 -> lmex10
LaTeX Font Info:    External font `lmex10' loaded for size
(Font)              <8> on input line 36.
LaTeX Font Info:    External font `lmex10' loaded for size
(Font)              <6> on input line 36.

Overfull \hbox (6.79999pt too wide) in paragraph at lines 36--36
 [][][]| [][]  
 []

LaTeX Font Info:    Font shape `EU1/Arial(0)/m/n' will be
(Font)              scaled to size 8.31161pt on input line 39.
Requested font "Arial/ICU:mapping=tex-text;" at 8.31161pt
 -> C:/WINDOWS/Fonts/arial.ttf
LaTeX Font Info:    Font shape `EU1/Arial(0)/m/n' will be
(Font)              scaled to size 11.96872pt on input line 39.
Requested font "Arial/ICU:mapping=tex-text;" at 11.96872pt
 -> C:/WINDOWS/Fonts/arial.ttf
Requested font "Adobe Heiti Std" at 14.4pt
 -> C:/WINDOWS/Fonts/AdobeHeitiStd-Regular.otf
Requested font "Adobe Heiti Std/ICU" at 14.4pt
 -> C:/WINDOWS/Fonts/AdobeHeitiStd-Regular.otf
.................................................
. fontspec info: "defining-font"
. 
. Font family 'AdobeHeitiStd(0)' created for font 'Adobe Heiti Std' with
. options [Mapping=tex-text,BoldFont={Adobe Heiti
. Std},BoldFeatures={RawFeature={embolden=4}},ItalicFont={Adobe Heiti
. Std},ItalicFeatures={RawFeature={slant=0.17}},BoldItalicFont={Adobe Heiti
. Std},BoldItalicFeatures={RawFeature={embolden=4,slant=0.17}}].
. 
. This font family consists of the following shapes:
.................................................
Requested font "Adobe Heiti Std/ICU:script=latn;language=DFLT;mapping=tex-text;
" at 14.4pt
 -> C:/WINDOWS/Fonts/AdobeHeitiStd-Regular.otf
Requested font "Adobe Heiti Std/ICU:script=latn;language=DFLT;mapping=tex-text;
" at 14.4pt
 -> C:/WINDOWS/Fonts/AdobeHeitiStd-Regular.otf
Requested font "Adobe Heiti Std" at 10.0pt
 -> C:/WINDOWS/Fonts/AdobeHeitiStd-Regular.otf
Requested font "Adobe Heiti Std/ICU" at 10.0pt
 -> C:/WINDOWS/Fonts/AdobeHeitiStd-Regular.otf
.................................................
. fontspec info: "defining-font"
. 
. Font family 'AdobeHeitiStd(0)' created for font 'Adobe Heiti Std' with
. options [Mapping=tex-text,BoldFont={Adobe Heiti
. Std},BoldFeatures={RawFeature={embolden=4}},ItalicFont={Adobe Heiti
. Std},ItalicFeatures={RawFeature={slant=0.17}},BoldItalicFont={Adobe Heiti
. Std},BoldItalicFeatures={RawFeature={embolden=4,slant=0.17}}].
. 
. This font family consists of the following shapes:
.................................................
Requested font "Adobe Heiti Std/ICU:script=latn;language=DFLT;mapping=tex-text;
" at 10.0pt
 -> C:/WINDOWS/Fonts/AdobeHeitiStd-Regular.otf
Requested font "Adobe Heiti Std/ICU:script=latn;language=DFLT;mapping=tex-text;
" at 10.0pt
 -> C:/WINDOWS/Fonts/AdobeHeitiStd-Regular.otf
LaTeX Font Info:    Font shape `EU1/Arial(0)/bx/n' will be
(Font)              scaled to size 9.10121pt on input line 40.
Requested font "Arial/B/ICU:mapping=tex-text;" at 9.10121pt
 -> C:/WINDOWS/Fonts/arialbd.ttf
Requested font "Adobe Song Std" at 10.95pt
 -> C:/WINDOWS/Fonts/AdobeSongStd-Light (v5.010).otf
Requested font "Adobe Song Std/ICU" at 10.95pt
 -> C:/WINDOWS/Fonts/AdobeSongStd-Light (v5.010).otf
.................................................
. fontspec info: "defining-font"
. 
. Font family 'AdobeSongStd(0)' created for font 'Adobe Song Std' with options
. [Mapping=tex-text,,BoldItalicFont={Adobe Heiti
. Std},BoldItalicFeatures={RawFeature={slant=0.17}},BoldFont={Adobe Heiti
. Std},ItalicFont={Adobe Kaiti Std}].
. 
. This font family consists of the following shapes:
.................................................
Requested font "Adobe Heiti Std/ICU:script=latn;language=DFLT;mapping=tex-text;
" at 10.95pt
 -> C:/WINDOWS/Fonts/AdobeHeitiStd-Regular.otf
Requested font "Adobe Heiti Std/ICU:script=latn;language=DFLT;mapping=tex-text;
" at 10.95pt
 -> C:/WINDOWS/Fonts/AdobeHeitiStd-Regular.otf
Requested font "Adobe Song Std" at 10.95pt
 -> C:/WINDOWS/Fonts/AdobeSongStd-Light (v5.010).otf
Requested font "Adobe Song Std/ICU" at 10.95pt
 -> C:/WINDOWS/Fonts/AdobeSongStd-Light (v5.010).otf
.................................................
. fontspec info: "defining-font"
. 
. Font family 'AdobeSongStd(0)' created for font 'Adobe Song Std' with options
. [Mapping=tex-text,,BoldItalicFont={Adobe Heiti
. Std},BoldItalicFeatures={RawFeature={slant=0.17}},BoldFont={Adobe Heiti
. Std},ItalicFont={Adobe Kaiti Std}].
. 
. This font family consists of the following shapes:
.................................................
Requested font "Adobe Song Std/ICU:script=latn;language=DFLT;mapping=tex-text;"
 at 10.95pt
 -> C:/WINDOWS/Fonts/AdobeSongStd-Light (v5.010).otf
LaTeX Font Info:    Font shape `EU1/Arial(0)/m/sl' will be
(Font)              scaled to size 9.10121pt on input line 40.
LaTeX Font Info:    Font shape `EU1/Arial(0)/m/it' will be
(Font)              scaled to size 9.10121pt on input line 67.
Requested font "Arial/I/ICU:mapping=tex-text;" at 9.10121pt
 -> C:/WINDOWS/Fonts/ariali.ttf
Package atveryend Info: Empty hook `BeforeClearDocument' on input line 81.
[1

]
Package atveryend Info: Empty hook `AfterLastShipout' on input line 81.
 (D:\Dropbox\LaTex\Resume\cn\cv.aux)
Package atveryend Info: Empty hook `AtVeryEndDocument' on input line 81.
Package atveryend Info: Empty hook `AtEndAfterFileList' on input line 81.


LaTeX Font Warning: Some font shapes were not available, defaults substituted.

 )
(\end occurred when \iffalse on line 122 was incomplete) 
Here is how much of TeX's memory you used:
 20453 strings out of 430478
 393008 string characters out of 3191502
 452106 words of memory out of 3000000
 23307 multiletter control sequences out of 15000+200000
 17253 words of font info for 82 fonts, out of 3000000 for 9000
 14 hyphenation exceptions out of 8191
 42i,9n,67p,592b,331s stack positions out of 5000i,500n,10000p,200000b,50000s

Output written on cv.pdf (1 page).
